C:\USERS\OLENTO\DOCUMENTS\VISUAL STUDIO 2010\PROJECTS\SARDINE\SARDINE\DEBUG\SARDINE.PCH
C:\USERS\OLENTO\DOCUMENTS\VISUAL STUDIO 2010\PROJECTS\SARDINE\SARDINE\DEBUG\STDAFX.OBJ
C:\USERS\OLENTO\DOCUMENTS\VISUAL STUDIO 2010\PROJECTS\SARDINE\SARDINE\DEBUG\VC100.PDB
C:\USERS\OLENTO\DOCUMENTS\VISUAL STUDIO 2010\PROJECTS\SARDINE\SARDINE\DEBUG\ARDUINO.OBJ
C:\USERS\OLENTO\DOCUMENTS\VISUAL STUDIO 2010\PROJECTS\SARDINE\SARDINE\DEBUG\HELPER.OBJ
C:\USERS\OLENTO\DOCUMENTS\VISUAL STUDIO 2010\PROJECTS\SARDINE\SARDINE\DEBUG\PROTOCOL.OBJ
C:\USERS\OLENTO\DOCUMENTS\VISUAL STUDIO 2010\PROJECTS\SARDINE\SARDINE\DEBUG\PROTOCOLCAN.OBJ
C:\USERS\OLENTO\DOCUMENTS\VISUAL STUDIO 2010\PROJECTS\SARDINE\SARDINE\DEBUG\PROTOCOLISO9141.OBJ
C:\USERS\OLENTO\DOCUMENTS\VISUAL STUDIO 2010\PROJECTS\SARDINE\SARDINE\DEBUG\REGISTRY.OBJ
C:\USERS\OLENTO\DOCUMENTS\VISUAL STUDIO 2010\PROJECTS\SARDINE\SARDINE\DEBUG\SARDINE.OBJ
C:\USERS\OLENTO\DOCUMENTS\VISUAL STUDIO 2010\PROJECTS\SARDINE\SARDINE\DEBUG\DLLMAIN.OBJ
C:\USERS\OLENTO\DOCUMENTS\VISUAL STUDIO 2010\PROJECTS\SARDINE\SARDINE\DEBUG\SARDINE.DLL.EMBED.MANIFEST.RES
C:\Users\olento\Documents\Visual Studio 2010\Projects\Sardine\Sardine\Debug\Arduino.obj
C:\Users\olento\Documents\Visual Studio 2010\Projects\Sardine\Sardine\Debug\dllmain.obj
C:\Users\olento\Documents\Visual Studio 2010\Projects\Sardine\Sardine\Debug\helper.obj
C:\Users\olento\Documents\Visual Studio 2010\Projects\Sardine\Sardine\Debug\Protocol.obj
C:\Users\olento\Documents\Visual Studio 2010\Projects\Sardine\Sardine\Debug\ProtocolCAN.obj
C:\Users\olento\Documents\Visual Studio 2010\Projects\Sardine\Sardine\Debug\ProtocolISO9141.obj
C:\Users\olento\Documents\Visual Studio 2010\Projects\Sardine\Sardine\Debug\registry.obj
C:\Users\olento\Documents\Visual Studio 2010\Projects\Sardine\Sardine\Debug\Sardine.obj
C:\Users\olento\Documents\Visual Studio 2010\Projects\Sardine\Sardine\Debug\stdafx.obj
C:\Users\olento\Documents\Visual Studio 2010\Projects\Sardine\Sardine\Debug\cl.command.1.tlog
C:\Users\olento\Documents\Visual Studio 2010\Projects\Sardine\Sardine\Debug\CL.read.1.tlog
C:\Users\olento\Documents\Visual Studio 2010\Projects\Sardine\Sardine\Debug\CL.write.1.tlog
C:\Users\olento\Documents\Visual Studio 2010\Projects\Sardine\Sardine\Debug\link.command.1.tlog
C:\Users\olento\Documents\Visual Studio 2010\Projects\Sardine\Sardine\Debug\link.read.1.tlog
C:\Users\olento\Documents\Visual Studio 2010\Projects\Sardine\Sardine\Debug\link.write.1.tlog
C:\Users\olento\Documents\Visual Studio 2010\Projects\Sardine\Sardine\Debug\rc.command.1.tlog
C:\Users\olento\Documents\Visual Studio 2010\Projects\Sardine\Sardine\Debug\rc.read.1.tlog
C:\Users\olento\Documents\Visual Studio 2010\Projects\Sardine\Sardine\Debug\rc.write.1.tlog
C:\Users\olento\Documents\Visual Studio 2010\Projects\Sardine\Sardine\Debug\Sardine.dll.embed.manifest
C:\Users\olento\Documents\Visual Studio 2010\Projects\Sardine\Sardine\Debug\Sardine.dll.embed.manifest.res
C:\Users\olento\Documents\Visual Studio 2010\Projects\Sardine\Sardine\Debug\Sardine.pch
C:\Users\olento\Documents\Visual Studio 2010\Projects\Sardine\Sardine\Debug\vc100.idb
C:\Users\olento\Documents\Visual Studio 2010\Projects\Sardine\Sardine\Debug\vc100.pdb
C:\Users\olento\Documents\Visual Studio 2010\Projects\Sardine\Sardine\Debug\Sardine_manifest.rc
