Build started 01-Dec-12 2:35:27 AM.
     1>Project "C:\Users\olento\Documents\Visual Studio 2010\Projects\Sardine\Sardine\Sardine.vcxproj" on node 2 (Build target(s)).
     1>ClCompile:
         D:\Program Files (x86)\Microsoft Visual Studio 11.0\VC\bin\CL.exe /c /ZI /nologo /W3 /WX- /Od /Oy- /D WIN32 /D _DEBUG /D _WINDOWS /D _USRDLL /D SARDINE_EXPORTS /D _USING_V110_SDK71_ /D _WINDLL /D _UNICODE /D UNICODE /Gm /EHsc /RTC1 /MDd /GS /fp:precise /Zc:wchar_t /Zc:forScope /Yu"stdafx.h" /Fp"Debug\Sardine.pch" /Fo"Debug\\" /Fd"Debug\vc110.pdb" /Gd /TP /analyze- /errorReport:prompt comm.cpp
         comm.cpp
       Link:
         D:\Program Files (x86)\Microsoft Visual Studio 11.0\VC\bin\link.exe /ERRORREPORT:PROMPT /OUT:"C:\Users\olento\Documents\Visual Studio 2010\Projects\Sardine\Debug\Sardine.dll" /INCREMENTAL /NOLOGO kernel32.lib user32.lib gdi32.lib winspool.lib comdlg32.lib advapi32.lib shell32.lib ole32.lib oleaut32.lib uuid.lib odbc32.lib odbccp32.lib /DEF:"sardine.def" /MANIFEST /MANIFESTUAC:"level='asInvoker' uiAccess='false'" /manifest:embed /DEBUG /PDB:"C:\Users\olento\Documents\Visual Studio 2010\Projects\Sardine\Debug\Sardine.pdb" /SUBSYSTEM:WINDOWS,"5.01" /TLBID:1 /DYNAMICBASE /NXCOMPAT /IMPLIB:"C:\Users\olento\Documents\Visual Studio 2010\Projects\Sardine\Debug\Sardine.lib" /MACHINE:X86 /DLL Debug\Arduino.obj
         Debug\comm.obj
         Debug\dllmain.obj
         Debug\helper.obj
         Debug\Interceptor.obj
         Debug\PeriodicMessageHandler.obj
         Debug\PeriodicMsg.obj
         Debug\Protocol.obj
         Debug\ProtocolCAN.obj
         Debug\ProtocolISO15765.obj
         Debug\ProtocolISO9141.obj
         Debug\ProtocolJ1850VPW.obj
         Debug\registry.obj
         Debug\Sardine.obj
         Debug\shim_debug.obj
         Debug\stdafx.obj
         Sardine.vcxproj -> C:\Users\olento\Documents\Visual Studio 2010\Projects\Sardine\Debug\Sardine.dll
       PostBuildEvent:
         call "C:\Users\olento\Documents\Visual Studio 2010\Projects\Sardine\Sardine\..\copydll.bat"
         :VCEnd
                 1 file(s) copied.
                 1 file(s) copied.
                 1 file(s) copied.
                 1 file(s) copied.
     1>Done Building Project "C:\Users\olento\Documents\Visual Studio 2010\Projects\Sardine\Sardine\Sardine.vcxproj" (Build target(s)).

Build succeeded.

Time Elapsed 00:00:03.01
