C:\USERS\OLENTO\DOCUMENTS\VISUAL STUDIO 2010\PROJECTS\SARDINE\SARDINE\RELEASE\SARDINE.PCH
C:\USERS\OLENTO\DOCUMENTS\VISUAL STUDIO 2010\PROJECTS\SARDINE\SARDINE\RELEASE\STDAFX.OBJ
C:\USERS\OLENTO\DOCUMENTS\VISUAL STUDIO 2010\PROJECTS\SARDINE\SARDINE\RELEASE\VC110.PDB
C:\USERS\OLENTO\DOCUMENTS\VISUAL STUDIO 2010\PROJECTS\SARDINE\SARDINE\RELEASE\SARDINE.OBJ
C:\USERS\OLENTO\DOCUMENTS\VISUAL STUDIO 2010\PROJECTS\SARDINE\SARDINE\RELEASE\PROTOCOLISO9141.OBJ
C:\USERS\OLENTO\DOCUMENTS\VISUAL STUDIO 2010\PROJECTS\SARDINE\SARDINE\RELEASE\PROTOCOLCAN.OBJ
C:\USERS\OLENTO\DOCUMENTS\VISUAL STUDIO 2010\PROJECTS\SARDINE\SARDINE\RELEASE\SHIM_DEBUG.OBJ
C:\USERS\OLENTO\DOCUMENTS\VISUAL STUDIO 2010\PROJECTS\SARDINE\SARDINE\RELEASE\REGISTRY.OBJ
C:\USERS\OLENTO\DOCUMENTS\VISUAL STUDIO 2010\PROJECTS\SARDINE\SARDINE\RELEASE\HELPER.OBJ
C:\USERS\OLENTO\DOCUMENTS\VISUAL STUDIO 2010\PROJECTS\SARDINE\SARDINE\RELEASE\PROTOCOL.OBJ
C:\USERS\OLENTO\DOCUMENTS\VISUAL STUDIO 2010\PROJECTS\SARDINE\SARDINE\RELEASE\ARDUINO.OBJ
C:\USERS\OLENTO\DOCUMENTS\VISUAL STUDIO 2010\PROJECTS\SARDINE\SARDINE\RELEASE\PROTOCOLJ1850VPW.OBJ
C:\USERS\OLENTO\DOCUMENTS\VISUAL STUDIO 2010\PROJECTS\SARDINE\SARDINE\RELEASE\PROTOCOLISO15765.OBJ
C:\USERS\OLENTO\DOCUMENTS\VISUAL STUDIO 2010\PROJECTS\SARDINE\SARDINE\RELEASE\PERIODICMSG.OBJ
C:\USERS\OLENTO\DOCUMENTS\VISUAL STUDIO 2010\PROJECTS\SARDINE\SARDINE\RELEASE\COMM.OBJ
C:\USERS\OLENTO\DOCUMENTS\VISUAL STUDIO 2010\PROJECTS\SARDINE\SARDINE\RELEASE\PERIODICMESSAGEHANDLER.OBJ
C:\USERS\OLENTO\DOCUMENTS\VISUAL STUDIO 2010\PROJECTS\SARDINE\SARDINE\RELEASE\INTERCEPTOR.OBJ
C:\USERS\OLENTO\DOCUMENTS\VISUAL STUDIO 2010\PROJECTS\SARDINE\SARDINE\RELEASE\DLLMAIN.OBJ
C:\USERS\OLENTO\DOCUMENTS\VISUAL STUDIO 2010\PROJECTS\SARDINE\RELEASE\SARDINE.DLL
C:\USERS\OLENTO\DOCUMENTS\VISUAL STUDIO 2010\PROJECTS\SARDINE\RELEASE\SARDINE.PDB
C:\Users\olento\Documents\Visual Studio 2010\Projects\Sardine\Release\Sardine.lib
C:\Users\olento\Documents\Visual Studio 2010\Projects\Sardine\Release\Sardine.exp
C:\Users\olento\Documents\Visual Studio 2010\Projects\Sardine\Sardine\Release\Arduino.obj
C:\Users\olento\Documents\Visual Studio 2010\Projects\Sardine\Sardine\Release\comm.obj
C:\Users\olento\Documents\Visual Studio 2010\Projects\Sardine\Sardine\Release\dllmain.obj
C:\Users\olento\Documents\Visual Studio 2010\Projects\Sardine\Sardine\Release\helper.obj
C:\Users\olento\Documents\Visual Studio 2010\Projects\Sardine\Sardine\Release\Interceptor.obj
C:\Users\olento\Documents\Visual Studio 2010\Projects\Sardine\Sardine\Release\PeriodicMessageHandler.obj
C:\Users\olento\Documents\Visual Studio 2010\Projects\Sardine\Sardine\Release\PeriodicMsg.obj
C:\Users\olento\Documents\Visual Studio 2010\Projects\Sardine\Sardine\Release\Protocol.obj
C:\Users\olento\Documents\Visual Studio 2010\Projects\Sardine\Sardine\Release\ProtocolCAN.obj
C:\Users\olento\Documents\Visual Studio 2010\Projects\Sardine\Sardine\Release\ProtocolISO15765.obj
C:\Users\olento\Documents\Visual Studio 2010\Projects\Sardine\Sardine\Release\ProtocolISO9141.obj
C:\Users\olento\Documents\Visual Studio 2010\Projects\Sardine\Sardine\Release\ProtocolJ1850VPW.obj
C:\Users\olento\Documents\Visual Studio 2010\Projects\Sardine\Sardine\Release\registry.obj
C:\Users\olento\Documents\Visual Studio 2010\Projects\Sardine\Sardine\Release\Sardine.obj
C:\Users\olento\Documents\Visual Studio 2010\Projects\Sardine\Sardine\Release\shim_debug.obj
C:\Users\olento\Documents\Visual Studio 2010\Projects\Sardine\Sardine\Release\stdafx.obj
C:\Users\olento\Documents\Visual Studio 2010\Projects\Sardine\Sardine\Release\cl.command.1.tlog
C:\Users\olento\Documents\Visual Studio 2010\Projects\Sardine\Sardine\Release\CL.read.1.tlog
C:\Users\olento\Documents\Visual Studio 2010\Projects\Sardine\Sardine\Release\CL.write.1.tlog
C:\Users\olento\Documents\Visual Studio 2010\Projects\Sardine\Sardine\Release\link-cvtres.read.1.tlog
C:\Users\olento\Documents\Visual Studio 2010\Projects\Sardine\Sardine\Release\link-cvtres.write.1.tlog
C:\Users\olento\Documents\Visual Studio 2010\Projects\Sardine\Sardine\Release\link-rc.read.1.tlog
C:\Users\olento\Documents\Visual Studio 2010\Projects\Sardine\Sardine\Release\link-rc.write.1.tlog
C:\Users\olento\Documents\Visual Studio 2010\Projects\Sardine\Sardine\Release\link.command.1.tlog
C:\Users\olento\Documents\Visual Studio 2010\Projects\Sardine\Sardine\Release\link.read.1.tlog
C:\Users\olento\Documents\Visual Studio 2010\Projects\Sardine\Sardine\Release\link.read.3.tlog
C:\Users\olento\Documents\Visual Studio 2010\Projects\Sardine\Sardine\Release\link.read.4.tlog
C:\Users\olento\Documents\Visual Studio 2010\Projects\Sardine\Sardine\Release\link.read.5.tlog
C:\Users\olento\Documents\Visual Studio 2010\Projects\Sardine\Sardine\Release\link.write.1.tlog
C:\Users\olento\Documents\Visual Studio 2010\Projects\Sardine\Sardine\Release\Sardine.write.1.tlog
C:\Users\olento\Documents\Visual Studio 2010\Projects\Sardine\Sardine\Release\Sardine.pch
C:\Users\olento\Documents\Visual Studio 2010\Projects\Sardine\Sardine\Release\vc110.pdb
C:\Users\olento\Documents\Visual Studio 2010\Projects\Sardine\Release\Sardine.pdb
C:\Users\olento\Documents\Visual Studio 2010\Projects\Sardine\Release\Sardine.dll
