Build started 30-Nov-12 8:08:54 PM.
     1>Project "C:\Users\olento\Documents\Visual Studio 2010\Projects\Sardine\Sardine\Sardine.vcxproj" on node 2 (Build target(s)).
     1>ClCompile:
         D:\Program Files (x86)\Microsoft Visual Studio 11.0\VC\bin\CL.exe /c /Zi /nologo /W3 /WX- /O2 /Oi /Oy- /GL /D WIN32 /D NDEBUG /D _WINDOWS /D _USRDLL /D SARDINE_EXPORTS /D _USING_V110_SDK71_ /D _WINDLL /D _UNICODE /D UNICODE /Gm- /EHsc /MD /GS /Gy /fp:precise /Zc:wchar_t /Zc:forScope /Fo"Release\\" /Fd"Release\vc110.pdb" /Gd /TP /analyze- /errorReport:prompt dllmain.cpp
         dllmain.cpp
       Link:
         D:\Program Files (x86)\Microsoft Visual Studio 11.0\VC\bin\link.exe /ERRORREPORT:PROMPT /OUT:"C:\Users\olento\Documents\Visual Studio 2010\Projects\Sardine\Release\Sardine.dll" /INCREMENTAL:NO /NOLOGO kernel32.lib user32.lib gdi32.lib winspool.lib comdlg32.lib advapi32.lib shell32.lib ole32.lib oleaut32.lib uuid.lib odbc32.lib odbccp32.lib /DEF:"sardine.def" /MANIFEST /MANIFESTUAC:"level='asInvoker' uiAccess='false'" /manifest:embed /DEBUG /PDB:"C:\Users\olento\Documents\Visual Studio 2010\Projects\Sardine\Release\Sardine.pdb" /SUBSYSTEM:WINDOWS,"5.01" /OPT:REF /OPT:ICF /LTCG /TLBID:1 /DYNAMICBASE /NXCOMPAT /IMPLIB:"C:\Users\olento\Documents\Visual Studio 2010\Projects\Sardine\Release\Sardine.lib" /MACHINE:X86 /SAFESEH /DLL Release\Arduino.obj
         Release\comm.obj
         Release\dllmain.obj
         Release\helper.obj
         Release\Interceptor.obj
         Release\PeriodicMessageHandler.obj
         Release\PeriodicMsg.obj
         Release\Protocol.obj
         Release\ProtocolCAN.obj
         Release\ProtocolISO15765.obj
         Release\ProtocolISO9141.obj
         Release\ProtocolJ1850VPW.obj
         Release\registry.obj
         Release\Sardine.obj
         Release\shim_debug.obj
         Release\stdafx.obj
            Creating library C:\Users\olento\Documents\Visual Studio 2010\Projects\Sardine\Release\Sardine.lib and object C:\Users\olento\Documents\Visual Studio 2010\Projects\Sardine\Release\Sardine.exp
         Generating code
         Finished generating code
         Sardine.vcxproj -> C:\Users\olento\Documents\Visual Studio 2010\Projects\Sardine\Release\Sardine.dll
       PostBuildEvent:
         call "C:\Users\olento\Documents\Visual Studio 2010\Projects\Sardine\Sardine\..\copydll.bat"
         :VCEnd
                 1 file(s) copied.
                 1 file(s) copied.
                 1 file(s) copied.
                 1 file(s) copied.
     1>Done Building Project "C:\Users\olento\Documents\Visual Studio 2010\Projects\Sardine\Sardine\Sardine.vcxproj" (Build target(s)).

Build succeeded.

Time Elapsed 00:00:03.07
